<?xml version="1.0" encoding="UTF-8" ?>
<testsuite tests="40" failures="2" name="StepDefinitions.TestRunner" time="0.256" errors="0" skipped="13">
  <properties>
[...]
</properties>
  <testcase classname="Scenario: Validate purchase amount is equal to placed order amount" name="Given user Launch url &quot;https://www.demoblaze.com/index.html&quot;" time="0.008"/>
  <testcase classname="Scenario: Validate purchase amount is equal to placed order amount" name="When user navigate to &quot;Phones&quot;" time="0"/>
  <testcase classname="Scenario: Validate purchase amount is equal to placed order amount" name="Then user validates expected products &quot;Samsung galaxy s6,Nokia lumia 1520&quot; are visible" time="0"/>
  <testcase classname="Scenario: Validate purchase amount is equal to placed order amount" name="When user navigate to &quot;Laptops&quot;" time="0"/>
  <testcase classname="Scenario: Validate purchase amount is equal to placed order amount" name="Then user validates expected products &quot;Sony vaio i5,Sony vaio i7&quot; are visible" time="0"/>
  <testcase classname="Scenario: Validate purchase amount is equal to placed order amount" name="When user navigate to &quot;Monitors&quot;" time="0"/>
  <testcase classname="Scenario: Validate purchase amount is equal to placed order amount" name="Then user validates expected products &quot;Apple monitor 24&quot; are visible" time="0"/>
  <testcase classname="Scenario: Validate purchase amount is equal to placed order amount" name="When user navigate to &quot;Laptops&quot;" time="0"/>
  <testcase classname="Scenario: Validate purchase amount is equal to placed order amount" name="When user click product &quot;Sony vaio i5&quot;" time="0"/>
  <testcase classname="Scenario: Validate purchase amount is equal to placed order amount" name="Then user add product to cart" time="0"/>
  <testcase classname="Scenario: Validate purchase amount is equal to placed order amount" name="When user accept pop up confirmation" time="0"/>
  <testcase classname="Scenario: Validate purchase amount is equal to placed order amount" name="Then user move to &quot;Home&quot;" time="0"/>
  <testcase classname="Scenario: Validate purchase amount is equal to placed order amount" name="When user navigate to &quot;Laptops&quot;" time="0"/>
  <testcase classname="Scenario: Validate purchase amount is equal to placed order amount" name="When user click product &quot;Dell i7 8gb&quot;" time="0.003">
    <failure type="java.lang.AssertionError">java.lang.AssertionError
	at org.junit.Assert.fail(Assert.java:86)
	at org.junit.Assert.assertTrue(Assert.java:41)
	at org.junit.Assert.assertTrue(Assert.java:52)
	at StepDefinitions.DemoOnlineStore.user_click_product(DemoOnlineStore.java:35)
	at ✽.When user click product &quot;Dell i7 8gb&quot;(demoOnlineShop.feature:17)
</failure>
  </testcase>
  <testcase classname="Scenario: Validate purchase amount is equal to placed order amount" name="Scenario: Validate purchase amount is equal to placed order amount" time="0.007">
    <failure type="java.lang.AssertionError">java.lang.AssertionError
	at org.junit.Assert.fail(Assert.java:86)
	at org.junit.Assert.assertTrue(Assert.java:41)
	at org.junit.Assert.assertTrue(Assert.java:52)
	at StepDefinitions.DemoOnlineStore.user_click_product(DemoOnlineStore.java:35)
	at ✽.When user click product &quot;Dell i7 8gb&quot;(demoOnlineShop.feature:17)
</failure>
  </testcase>
  <testcase classname="Scenario: Validate purchase amount is equal to placed order amount" name="Then user add product to cart" time="0.009">
    <skipped/>
  </testcase>
  <testcase classname="Scenario: Validate purchase amount is equal to placed order amount" name="When user accept pop up confirmation" time="0.014">
    <skipped/>
  </testcase>
  <testcase classname="Scenario: Validate purchase amount is equal to placed order amount" name="Then user move to &quot;Cart&quot;" time="0.015">
    <skipped/>
  </testcase>
  <testcase classname="Scenario: Validate purchase amount is equal to placed order amount" name="Then user verifies product are there &quot;Sony vaio i5,Dell i7 8gb&quot;" time="0.015">
    <skipped/>
  </testcase>
  <testcase classname="Scenario: Validate purchase amount is equal to placed order amount" name="When user delete product &quot;Dell i7 8gb&quot;" time="0.015">
    <skipped/>
  </testcase>
  <testcase classname="Scenario: Validate purchase amount is equal to placed order amount" name="Then user verify product is deleted &quot;Dell i7 8gb&quot;" time="0.015">
    <skipped/>
  </testcase>
  <testcase classname="Scenario: Validate purchase amount is equal to placed order amount" name="When user click on Place order" time="0.019">
    <skipped/>
  </testcase>
  <testcase classname="Scenario: Validate purchase amount is equal to placed order amount" name="Then user fill form fields" time="0.021">
    <skipped/>
  </testcase>
  <testcase classname="Scenario: Validate purchase amount is equal to placed order amount" name="Then user capture total amount from the pop-up" time="0.021">
    <skipped/>
  </testcase>
  <testcase classname="Scenario: Validate purchase amount is equal to placed order amount" name="When user click on purchase" time="0.022">
    <skipped/>
  </testcase>
  <testcase classname="Scenario: Validate purchase amount is equal to placed order amount" name="Then user capture purchase ID and Amount" time="0.022">
    <skipped/>
  </testcase>
  <testcase classname="Scenario: Validate purchase amount is equal to placed order amount" name="Then user verify amount should match to urchase amount" time="0.022">
    <skipped/>
  </testcase>
  <testcase classname="Scenario: Validate purchase amount is equal to placed order amount" name="Then close browser" time="0.026">
    <skipped/>
  </testcase>
  <testcase classname="Scenario: validate pet Store transactions" name="Given user domain &quot;https://petstore.swagger.io/v2/pet&quot;" time="0"/>
  <testcase classname="Scenario: validate pet Store transactions" name="And user add endPoint &quot;/findByStatus&quot;" time="0"/>
  <testcase classname="Scenario: validate pet Store transactions" name="When user get data with param &quot;status&quot; value &quot;available,sold&quot;" time="0"/>
  <testcase classname="Scenario: validate pet Store transactions" name="Then user get response" time="0"/>
  <testcase classname="Scenario: validate pet Store transactions" name="Then user verify all results containing &quot;available,sold&quot; and not containing &quot;pending&quot;" time="0"/>
  <testcase classname="Scenario: validate pet Store transactions" name="Scenario: validate pet Store transactions" time="0"/>
  <testcase classname="Scenario: Add new available pet and then update to sold to store" name="Given user domain &quot;https://petstore.swagger.io/v2/pet&quot;" time="0"/>
  <testcase classname="Scenario: Add new available pet and then update to sold to store" name="When user hit request and validate response" time="0"/>
  <testcase classname="Scenario: Add new available pet and then update to sold to store" name="Then user update pet to sold" time="0.002"/>
  <testcase classname="Scenario: Add new available pet and then update to sold to store" name="Then user verify all results containing &quot;sold&quot; and not containing &quot;available,pending&quot;" time="0"/>
  <testcase classname="Scenario: Add new available pet and then update to sold to store" name="Then user delete pet id &quot;111&quot; from inventory" time="0"/>
  <testcase classname="Scenario: Add new available pet and then update to sold to store" name="Scenario: Add new available pet and then update to sold to store" time="0"/>
</testsuite>